
 grid=1,core;
 levels=1,eta, -1;
 levels=2, pres,[1000., 925., 850., 700., 500., 400., 300., 275., 250., 225., 200., 175., 150.,
125., 100., 84., 70., 60., 50., 38.7, 30., 25., 20., 15.9, 12.6, 10., 8.4,
7., 6., 5., 4., 3.5, 3.0, 2.4, 2., 1.7, 1.4, 1.2,1., .7, .5, .3, .2, .1];

 levels=3,eta, 0;
 levels=4,eta, [79, 80];
 levels=5,pres,[1000., 925., 850., 700., 500., 250.];
 levels=6,pres,[850.];

 steps=1,step,-1;
steps=3,step,<0.,6.,1.>;

 steps=10,hour,0.;
 steps=2,hour,<0.,240.,1.>;
 steps=4,hour,[24.,72.,120.];
 steps=5,hour,<0.,144.,3.>,<150.,240.,6.>;


 sortie([P0,PN,PT], grid, 1, levels, 1, steps, 2)
 sortie([TT,GZ,HU,UU,VV,WW,ZDT1,QT1], grid, 1, levels, 1, steps,2)
 sortie([TT,GZ,HU,UU,VV,WW], grid, 1, levels, 2, steps,2)
 sortie([S1,S2,S3,ME], grid, 1, levels, 1, steps,2)

 xnbit([GZ,P0],bits,16)
 xnbit([Z0,ZT],bits,32)
